2024-06-03 16:45:09 - Processing form submission...
2024-06-03 16:45:09 - Creating upload directory...
2024-06-03 16:45:09 - Creating new student and attachment...
2024-06-03 16:45:09 - Creating new student...
2024-06-03 16:45:09 - New student created successfully.
2024-06-03 16:45:09 - Creating new attachment...
2024-06-03 16:45:09 - New attachment created successfully.
2024-06-03 16:45:09 - Data insertion successful.
2024-06-03 16:45:26 - Processing form submission...
2024-06-03 16:45:26 - Creating upload directory...
2024-06-03 16:45:26 - Creating new student and attachment...
2024-06-03 16:45:26 - Creating new student...
2024-06-03 16:45:26 - New student created successfully.
2024-06-03 16:45:26 - Creating new attachment...
2024-06-03 16:45:26 - New attachment created successfully.
2024-06-03 16:45:26 - Data insertion successful.
2024-06-03 16:52:19 - Processing form submission...
2024-06-03 16:52:19 - Creating upload directory...
2024-06-03 16:52:19 - Creating new student and attachment...
2024-06-03 16:52:19 - Creating new student...
2024-06-03 16:52:20 - New student created successfully.
2024-06-03 16:52:20 - Creating new attachment...
2024-06-03 16:52:20 - New attachment created successfully.
2024-06-03 16:52:20 - Data insertion successful.
2024-06-03 16:53:53 - Processing form submission...
2024-06-03 16:53:53 - Creating upload directory...
2024-06-03 16:53:53 - Creating new student and attachment...
2024-06-03 16:53:53 - Creating new student...
2024-06-03 16:53:53 - New student created successfully.
2024-06-03 16:53:53 - Creating new attachment...
2024-06-03 16:53:53 - New attachment created successfully.
2024-06-03 16:53:53 - Data insertion successful.
2024-06-03 16:57:15 - Processing form submission...
2024-06-03 16:57:15 - Creating upload directory...
2024-06-03 16:57:15 - Creating new student and attachment...
2024-06-03 16:57:15 - Creating new student...
2024-06-03 16:57:15 - New student created successfully.
2024-06-03 16:57:15 - Creating new attachment...
2024-06-03 16:57:16 - New attachment created successfully.
2024-06-03 16:57:16 - Data insertion successful.
2024-06-03 16:57:33 - Processing form submission...
2024-06-03 16:57:33 - Creating upload directory...
2024-06-03 16:57:33 - Creating new student and attachment...
2024-06-03 16:57:33 - Creating new student...
2024-06-03 16:57:33 - New student created successfully.
2024-06-03 16:57:33 - Creating new attachment...
2024-06-03 16:57:33 - New attachment created successfully.
2024-06-03 16:57:33 - Data insertion successful.
2024-06-03 16:57:54 - Processing form submission...
2024-06-03 16:57:54 - Creating upload directory...
2024-06-03 16:57:54 - Creating new student and attachment...
2024-06-03 16:57:54 - Creating new student...
2024-06-03 16:57:54 - New student created successfully.
2024-06-03 16:57:54 - Creating new attachment...
2024-06-03 16:57:54 - New attachment created successfully.
2024-06-03 16:57:54 - Data insertion successful.
2024-06-03 16:59:15 - Processing form submission...
2024-06-03 16:59:15 - Creating upload directory...
2024-06-03 16:59:15 - Creating new student and attachment...
2024-06-03 16:59:15 - Creating new student...
2024-06-03 16:59:15 - New student created successfully.
2024-06-03 16:59:15 - Creating new attachment...
2024-06-03 16:59:15 - New attachment created successfully.
2024-06-03 16:59:15 - Data insertion successful.
2024-06-03 17:01:35 - Processing form submission...
2024-06-03 17:01:35 - Creating upload directory...
2024-06-03 17:01:35 - Creating new student and attachment...
2024-06-03 17:01:35 - Creating new student...
2024-06-03 17:01:35 - New student created successfully.
2024-06-03 17:01:35 - Creating new attachment...
2024-06-03 17:01:35 - New attachment created successfully.
2024-06-03 17:01:35 - Data insertion successful.
2024-06-03 17:02:43 - Processing form submission...
2024-06-03 17:02:43 - Creating upload directory...
2024-06-03 17:02:43 - Creating new student and attachment...
2024-06-03 17:02:43 - Creating new student...
2024-06-03 17:02:43 - New student created successfully.
2024-06-03 17:02:43 - Creating new attachment...
2024-06-03 17:02:43 - New attachment created successfully.
2024-06-03 17:02:43 - Data insertion successful.
2024-06-03 17:04:24 - Processing form submission...
2024-06-03 17:04:24 - Creating upload directory...
2024-06-03 17:04:24 - Creating new student and attachment...
2024-06-03 17:04:24 - Creating new student...
2024-06-03 17:04:24 - New student created successfully.
2024-06-03 17:04:24 - Creating new attachment...
2024-06-03 17:04:24 - New attachment created successfully.
2024-06-03 17:04:24 - Data insertion successful.
2024-06-03 17:06:57 - Processing form submission...
2024-06-03 17:06:57 - Creating upload directory...
2024-06-03 17:06:57 - Creating new student and attachment...
2024-06-03 17:06:57 - Creating new student...
2024-06-03 17:06:57 - New student created successfully.
2024-06-03 17:06:57 - Creating new attachment...
2024-06-03 17:06:57 - New attachment created successfully.
2024-06-03 17:06:57 - Data insertion successful.
2024-06-03 20:26:19 - Processing form submission...
2024-06-03 20:26:19 - Creating upload directory...
2024-06-03 20:26:19 - Upload directory created: uploads/ŞERİF ELASHRY/
2024-06-03 20:26:19 - Creating new student and attachment...
2024-06-03 20:26:19 - Creating new student...
2024-06-03 20:26:19 - New student created successfully.
2024-06-03 20:26:19 - Creating new attachment...
2024-06-03 20:26:19 - New attachment created successfully.
2024-06-03 20:26:19 - Data insertion successful.
2024-06-11 07:22:40 - Processing form submission...
2024-06-11 07:22:40 - Creating upload directory...
2024-06-11 07:22:40 - Creating new student and attachment...
2024-06-11 07:22:40 - Creating new student...
2024-06-11 07:22:40 - New student created successfully.
2024-06-11 07:22:40 - Creating new attachment...
2024-06-11 07:22:40 - New attachment created successfully.
2024-06-11 07:22:40 - Data insertion successful.
2024-06-11 07:46:57 - Processing form submission...
2024-06-11 07:49:14 - Processing form submission...
2024-06-11 07:49:23 - Processing form submission...
2024-06-11 07:52:52 - Processing form submission...
2024-06-11 07:52:52 - Creating upload directory...
2024-06-11 07:52:52 - Creating new student and attachment...
2024-06-11 07:52:52 - Creating new student...
2024-06-11 07:52:52 - New student created successfully.
2024-06-11 07:52:52 - Creating new attachment...
2024-06-11 07:52:52 - New attachment created successfully.
2024-06-11 07:52:52 - Data insertion successful.
2024-06-11 08:41:32 - Processing form submission...
2024-06-11 08:43:20 - Processing form submission...
2024-06-11 08:43:20 - Creating upload directory...
2024-06-11 08:43:20 - Creating new student and attachment...
2024-06-11 08:43:20 - Creating new student...
2024-06-11 08:43:20 - New student created successfully.
2024-06-11 08:43:20 - Creating new attachment...
2024-06-11 08:43:20 - New attachment created successfully.
2024-06-11 08:43:20 - Data insertion successful.
2024-06-11 08:47:48 - Processing form submission...
2024-06-11 08:47:48 - Creating upload directory...
2024-06-11 08:47:48 - Creating new student and attachment...
2024-06-11 08:47:48 - Creating new student...
2024-06-11 08:47:48 - New student created successfully.
2024-06-11 08:47:48 - Creating new attachment...
2024-06-11 08:47:48 - New attachment created successfully.
2024-06-11 08:47:48 - Data insertion successful.
2024-06-11 08:49:53 - Processing form submission...
2024-06-11 08:49:53 - Creating upload directory...
2024-06-11 08:49:53 - Upload directory created: uploads/F ELASHRY/
2024-06-11 08:49:53 - Creating new student and attachment...
2024-06-11 08:49:53 - Creating new student...
2024-06-11 08:49:53 - New student created successfully.
2024-06-11 08:49:53 - Creating new attachment...
2024-06-11 08:49:53 - New attachment created successfully.
2024-06-11 08:49:53 - Data insertion successful.
2024-06-11 08:50:49 - Processing form submission...
2024-06-11 08:50:50 - Creating upload directory...
2024-06-11 08:50:50 - Upload directory created: uploads/as/
2024-06-11 08:50:50 - Creating new student and attachment...
2024-06-11 08:50:50 - Creating new student...
2024-06-11 08:50:50 - New student created successfully.
2024-06-11 08:50:50 - Creating new attachment...
2024-06-11 08:50:50 - New attachment created successfully.
2024-06-11 08:50:50 - Data insertion successful.
2024-06-11 08:58:46 - Processing form submission...
2024-06-11 08:58:46 - Creating upload directory...
2024-06-11 08:58:46 - Creating new student and attachment...
2024-06-11 08:58:46 - Creating new student...
2024-06-11 08:58:46 - New student created successfully.
2024-06-11 08:58:46 - Creating new attachment...
2024-06-11 08:58:46 - New attachment created successfully.
2024-06-11 08:58:46 - Data insertion successful.
2024-06-11 08:59:11 - Processing form submission...
2024-06-11 08:59:11 - Creating upload directory...
2024-06-11 08:59:11 - Creating new student and attachment...
2024-06-11 08:59:11 - Creating new student...
2024-06-11 08:59:11 - New student created successfully.
2024-06-11 08:59:11 - Creating new attachment...
2024-06-11 08:59:11 - New attachment created successfully.
2024-06-11 08:59:11 - Data insertion successful.
2024-06-11 09:01:52 - Processing form submission...
2024-06-11 09:01:52 - Creating upload directory...
2024-06-11 09:01:52 - Creating new student and attachment...
2024-06-11 09:01:52 - Creating new student...
2024-06-11 09:01:52 - New student created successfully.
2024-06-11 09:01:52 - Creating new attachment...
2024-06-11 09:01:52 - New attachment created successfully.
2024-06-11 09:01:52 - Data insertion successful.
2024-06-11 09:02:49 - Processing form submission...
2024-06-11 09:02:49 - Creating upload directory...
2024-06-11 09:02:49 - Creating new student and attachment...
2024-06-11 09:02:49 - Creating new student...
2024-06-11 09:02:49 - New student created successfully.
2024-06-11 09:02:49 - Creating new attachment...
2024-06-11 09:02:49 - New attachment created successfully.
2024-06-11 09:02:49 - Data insertion successful.
2024-06-11 09:06:39 - Processing form submission...
2024-06-11 09:06:39 - Creating upload directory...
2024-06-11 09:06:39 - Creating new student and attachment...
2024-06-11 09:06:39 - Creating new student...
2024-06-11 09:06:39 - New student created successfully.
2024-06-11 09:06:39 - Creating new attachment...
2024-06-11 09:06:39 - New attachment created successfully.
2024-06-11 09:06:39 - Data insertion successful.
2024-06-11 09:09:30 - Processing form submission...
2024-06-11 09:09:30 - Debugging $imageData:2024-06-11 09:09:30 - Array
(
    [submissionId] => 6667f82ab8618
    [firstName] => ŞERİF ELASHRY
    [studentCertificate] => 1631332162583.jpg
    [photo] => 181783.png
    [passportName] => as
    [passportCopy] => Screenshot_165.png
    [Recommendation_Letter] => Screenshot_162.png
    [Motivation_Letter] => Screenshot_160.png
)
2024-06-11 09:09:30 - An error occurred: Some error message.2024-06-11 09:09:30 - Creating upload directory...
2024-06-11 09:09:30 - Creating new student and attachment...
2024-06-11 09:09:30 - Creating new student...
2024-06-11 09:09:30 - New student created successfully.
2024-06-11 09:09:30 - Creating new attachment...
2024-06-11 09:09:30 - New attachment created successfully.
2024-06-11 09:09:30 - Data insertion successful.
2024-06-11 09:15:16 - Processing form submission...
2024-06-11 09:15:16 - Creating upload directory...
2024-06-11 09:15:16 - Creating new student and attachment...
2024-06-11 09:15:16 - Creating new student...
2024-06-11 09:15:16 - New student created successfully.
2024-06-11 09:15:16 - Creating new attachment...
2024-06-11 09:15:16 - New attachment created successfully.
2024-06-11 09:15:16 - Data insertion successful.
2024-06-11 09:15:57 - Processing form submission...
2024-06-11 09:15:57 - Creating upload directory...
2024-06-11 09:15:57 - Creating new student and attachment...
2024-06-11 09:15:57 - Creating new student...
2024-06-11 09:15:57 - New student created successfully.
2024-06-11 09:15:57 - Creating new attachment...
2024-06-11 09:15:57 - New attachment created successfully.
2024-06-11 09:15:57 - Data insertion successful.
2024-06-11 09:16:57 - Processing form submission...
2024-06-11 09:16:57 - Creating upload directory...
2024-06-11 09:16:57 - Creating new student and attachment...
2024-06-11 09:16:57 - Creating new student...
2024-06-11 09:16:57 - New student created successfully.
2024-06-11 09:16:57 - Creating new attachment...
2024-06-11 09:16:57 - New attachment created successfully.
2024-06-11 09:16:57 - Data insertion successful.
2024-06-11 09:18:24 - Processing form submission...
2024-06-11 09:18:24 - Creating upload directory...
2024-06-11 09:18:24 - Creating new student and attachment...
2024-06-11 09:18:24 - Creating new student...
2024-06-11 09:18:24 - New student created successfully.
2024-06-11 09:18:24 - Creating new attachment...
2024-06-11 09:18:24 - ERROR: SQLSTATE[42S22]: Column not found: 1054 Unknown column 'RecommendationLetter' in 'field list' (Connection: default, SQL: insert into `attachments` (`submissionId`, `firstName`, `studentCertificate`, `photo`, `passportName`, `passportCopy`, `RecommendationLetter`, `MotivationLetter`, `updated_at`, `created_at`) values (6667fa40acf7f, ŞERİF ELASHRY, 1631332162583.jpg, 181783.png, as, Screenshot_165.png, Screenshot_162.png, Screenshot_160.png, 2024-06-11 09:18:24, 2024-06-11 09:18:24))
2024-06-11 09:18:37 - Processing form submission...
2024-06-11 09:18:37 - Creating upload directory...
2024-06-11 09:18:37 - Creating new student and attachment...
2024-06-11 09:18:37 - Creating new student...
2024-06-11 09:18:37 - New student created successfully.
2024-06-11 09:18:37 - Creating new attachment...
2024-06-11 09:18:37 - New attachment created successfully.
2024-06-11 09:18:37 - Data insertion successful.
2024-06-11 09:22:59 - Processing form submission...
2024-06-11 09:22:59 - Creating upload directory...
2024-06-11 09:22:59 - Creating new student and attachment...
2024-06-11 09:22:59 - Creating new student...
2024-06-11 09:22:59 - New student created successfully.
2024-06-11 09:22:59 - Creating new attachment...
2024-06-11 09:22:59 - New attachment created successfully.
2024-06-11 09:22:59 - Data insertion successful.
2024-06-17 14:58:10 - Processing form submission...
2024-06-17 15:00:21 - Processing form submission...
2024-06-17 15:00:39 - Processing form submission...
2024-06-17 15:00:40 - Creating upload directory...
2024-06-17 15:00:40 - Creating new student and attachment...
2024-06-17 15:00:40 - Creating new student...
2024-06-17 15:00:40 - New student created successfully.
2024-06-17 15:00:40 - Creating new attachment...
2024-06-17 15:00:40 - New attachment created successfully.
2024-06-17 15:00:40 - Data insertion successful.
2024-06-17 15:00:52 - Processing form submission...
2024-06-17 15:00:52 - Creating upload directory...
2024-06-17 15:00:52 - Creating new student and attachment...
2024-06-17 15:00:52 - Creating new student...
2024-06-17 15:00:52 - New student created successfully.
2024-06-17 15:00:52 - Creating new attachment...
2024-06-17 15:00:52 - New attachment created successfully.
2024-06-17 15:00:52 - Data insertion successful.
2024-06-20 12:17:31 - Processing form submission...
2024-06-20 12:17:31 - Creating upload directory...
2024-06-20 12:17:31 - Creating new student and attachment...
2024-06-20 12:17:31 - Creating new student...
2024-06-20 12:17:31 - New student created successfully.
2024-06-20 12:17:31 - Creating new attachment...
2024-06-20 12:17:31 - New attachment created successfully.
2024-06-20 12:17:31 - Data insertion successful.
2024-06-29 10:06:48 - Processing form submission...
2024-06-29 10:07:11 - Processing form submission...
2024-06-29 10:08:13 - Processing form submission...
2024-06-29 10:08:13 - Creating upload directory...
2024-06-29 10:08:13 - Creating new student and attachment...
2024-06-29 10:08:13 - Creating new student...
2024-06-29 10:08:13 - New student created successfully.
2024-06-29 10:08:13 - Creating new attachment...
2024-06-29 10:08:13 - ERROR: SQLSTATE[HY000]: General error: 1364 Field 'firstName' doesn't have a default value (Connection: default, SQL: insert into `attachments` (`submissionId`, `personal_picture`, `personal_CV`, `passport_copy`, `Reguee_copy`, `Bachelors_Diploma`, `Bachelors_Transcript`, `updated_at`, `created_at`) values (667fc0edc7434, Screenshot_177.png, Screenshot_176.png, Screenshot_176.png, Screenshot_176.png, Screenshot_176.png, Screenshot_175.png, 2024-06-29 10:08:13, 2024-06-29 10:08:13))
2024-06-29 10:08:14 - Processing form submission...
2024-06-29 10:08:14 - Creating upload directory...
2024-06-29 10:08:14 - Creating new student and attachment...
2024-06-29 10:08:14 - Creating new student...
2024-06-29 10:08:14 - New student created successfully.
2024-06-29 10:08:14 - Creating new attachment...
2024-06-29 10:08:14 - ERROR: SQLSTATE[HY000]: General error: 1364 Field 'firstName' doesn't have a default value (Connection: default, SQL: insert into `attachments` (`submissionId`, `personal_picture`, `personal_CV`, `passport_copy`, `Reguee_copy`, `Bachelors_Diploma`, `Bachelors_Transcript`, `updated_at`, `created_at`) values (667fc0ee25a7a, Screenshot_177.png, Screenshot_176.png, Screenshot_176.png, Screenshot_176.png, Screenshot_176.png, Screenshot_175.png, 2024-06-29 10:08:14, 2024-06-29 10:08:14))
2024-06-29 10:09:10 - Processing form submission...
2024-06-29 10:09:10 - Creating upload directory...
2024-06-29 10:09:10 - Upload directory created: uploads/ŞERİF/
2024-06-29 10:09:10 - Creating new student and attachment...
2024-06-29 10:09:10 - Creating new student...
2024-06-29 10:09:10 - New student created successfully.
2024-06-29 10:09:10 - Creating new attachment...
2024-06-29 10:09:10 - ERROR: SQLSTATE[HY000]: General error: 1364 Field 'firstName' doesn't have a default value (Connection: default, SQL: insert into `attachments` (`submissionId`, `personal_picture`, `personal_CV`, `passport_copy`, `Reguee_copy`, `Bachelors_Diploma`, `Bachelors_Transcript`, `updated_at`, `created_at`) values (667fc1262309c, Screenshot_177.png, Screenshot_176.png, Screenshot_176.png, Screenshot_176.png, Screenshot_176.png, Screenshot_175.png, 2024-06-29 10:09:10, 2024-06-29 10:09:10))
2024-06-29 10:10:33 - Processing form submission...
2024-06-29 10:10:33 - Creating upload directory...
2024-06-29 10:10:33 - Creating new student and attachment...
2024-06-29 10:10:33 - Creating new student...
2024-06-29 10:10:33 - New student created successfully.
2024-06-29 10:10:33 - Creating new attachment...
2024-06-29 10:10:33 - ERROR: SQLSTATE[HY000]: General error: 1364 Field 'firstName' doesn't have a default value (Connection: default, SQL: insert into `attachments` (`submissionId`, `personal_picture`, `personal_CV`, `passport_copy`, `Reguee_copy`, `Bachelors_Diploma`, `Bachelors_Transcript`, `updated_at`, `created_at`) values (667fc179b2b10, Screenshot_177.png, Screenshot_176.png, Screenshot_176.png, Screenshot_176.png, Screenshot_176.png, Screenshot_175.png, 2024-06-29 10:10:33, 2024-06-29 10:10:33))
2024-06-29 10:12:51 - Processing form submission...
2024-06-29 10:12:51 - Creating upload directory...
2024-06-29 10:12:51 - Creating new student and attachment...
2024-06-29 10:12:51 - Creating new student...
2024-06-29 10:12:52 - New student created successfully.
2024-06-29 10:12:52 - Creating new attachment...
2024-06-29 10:12:52 - ERROR: SQLSTATE[HY000]: General error: 1364 Field 'firstName' doesn't have a default value (Connection: default, SQL: insert into `attachments` (`submissionId`, `personal_picture`, `personal_CV`, `passport_copy`, `Reguee_copy`, `Bachelors_Diploma`, `Bachelors_Transcript`, `updated_at`, `created_at`) values (667fc203ec80e, Screenshot_177.png, Screenshot_176.png, Screenshot_176.png, Screenshot_176.png, Screenshot_176.png, Screenshot_175.png, 2024-06-29 10:12:52, 2024-06-29 10:12:52))
2024-06-29 10:14:28 - Processing form submission...
2024-06-29 10:14:28 - Creating upload directory...
2024-06-29 10:14:28 - Creating new student and attachment...
2024-06-29 10:14:28 - Creating new student...
2024-06-29 10:14:28 - New student created successfully.
2024-06-29 10:14:28 - Creating new attachment...
2024-06-29 10:14:28 - New attachment created successfully.
2024-06-29 10:14:28 - Data insertion successful.
2024-06-29 10:14:58 - Processing form submission...
2024-06-29 10:14:58 - Creating upload directory...
2024-06-29 10:14:58 - Upload directory created: uploads/ŞERİF/
2024-06-29 10:14:58 - Creating new student and attachment...
2024-06-29 10:14:58 - Creating new student...
2024-06-29 10:14:58 - New student created successfully.
2024-06-29 10:14:58 - Creating new attachment...
2024-06-29 10:14:58 - New attachment created successfully.
2024-06-29 10:14:58 - Data insertion successful.
2024-06-29 10:16:07 - Processing form submission...
2024-06-29 10:16:07 - Creating upload directory...
2024-06-29 10:16:07 - Creating new student and attachment...
2024-06-29 10:16:07 - Creating new student...
2024-06-29 10:16:07 - New student created successfully.
2024-06-29 10:16:07 - Creating new attachment...
2024-06-29 10:16:07 - New attachment created successfully.
2024-06-29 10:16:07 - Data insertion successful.
2024-06-29 10:18:17 - Processing form submission...
2024-06-29 10:18:17 - Creating upload directory...
2024-06-29 10:18:17 - Creating new student and attachment...
2024-06-29 10:18:17 - Creating new student...
2024-06-29 10:18:18 - New student created successfully.
2024-06-29 10:18:18 - Creating new attachment...
2024-06-29 10:18:18 - New attachment created successfully.
2024-06-29 10:18:18 - Data insertion successful.
2024-06-29 10:18:39 - Processing form submission...
2024-06-29 10:18:39 - Creating upload directory...
2024-06-29 10:18:39 - Creating new student and attachment...
2024-06-29 10:18:39 - Creating new student...
2024-06-29 10:18:39 - New student created successfully.
2024-06-29 10:18:39 - Creating new attachment...
2024-06-29 10:18:39 - New attachment created successfully.
2024-06-29 10:18:39 - Data insertion successful.
2024-06-29 10:22:39 - Processing form submission...
2024-06-29 10:22:39 - Creating upload directory...
2024-06-29 10:22:39 - Creating new student and attachment...
2024-06-29 10:22:39 - Creating new student...
2024-06-29 10:22:39 - New student created successfully.
2024-06-29 10:22:39 - Creating new attachment...
2024-06-29 10:22:39 - New attachment created successfully.
2024-06-29 10:22:39 - Data insertion successful.
2024-06-29 10:26:06 - Processing form submission...
2024-06-29 10:26:06 - Creating upload directory...
2024-06-29 10:26:06 - Creating new student and attachment...
2024-06-29 10:26:06 - Creating new student...
2024-06-29 10:26:06 - New student created successfully.
2024-06-29 10:26:06 - Creating new attachment...
2024-06-29 10:26:06 - New attachment created successfully.
2024-06-29 10:26:06 - Data insertion successful.
2024-06-29 10:30:21 - Processing form submission...
2024-06-29 10:30:21 - Creating upload directory...
2024-06-29 10:30:21 - Creating new student and attachment...
2024-06-29 10:30:21 - Creating new student...
2024-06-29 10:30:21 - New student created successfully.
2024-06-29 10:30:21 - Creating new attachment...
2024-06-29 10:30:21 - New attachment created successfully.
2024-06-29 10:30:21 - Data insertion successful.
2024-06-29 10:33:30 - Processing form submission...
2024-06-29 10:33:30 - Creating upload directory...
2024-06-29 10:33:30 - Creating new student and attachment...
2024-06-29 10:33:30 - Creating new student...
2024-06-29 10:33:30 - ERROR: SQLSTATE[HY000]: General error: 1364 Field 'date_of_birth' doesn't have a default value (Connection: default, SQL: insert into `students` (`submissionId`, `first_name`, `last_name`, `gender`, `Citizenship`, `Country_of_Residence`, `Country_of_Visa`, `Residence_Permit`, `Turkish_Nationality`, `country`, `telephone`, `home_address`, `City`, `Postal_Code`, `fathers_full_name`, `Occupation_first`, `fathers_email`, `fathers_telephone`, `mothers_full_name`, `Occupation_second`, `mothers_email`, `mothers_telephone`, `passport_availablitiy`, `Reguee_availablitiy`, `Reguee_number`, `Bachelor_University`, `Bachelor_country`, `Bachelor_gpa`, `Start_Bachelor`, `End_Bachelor`, `Turkish_Proficiency`, `English_Proficiency`, `course`, `work_experience`, `brief_statement`, `iban`, `updated_at`, `created_at`) values (667fc6da8e833, ŞERİF, ELASHRY, male, AFGHANISTAN, AFGHANISTAN, BAŞAKŞEHİR, YES, YES, BAHRAIN, +905525952231, KAYABAŞI MAH. KAYAŞEHİR BULVARI No: 55E/48, İSTANBUL, 34494, ŞERİF ELASHRY, asdasd, AhmedBaroura@gmail.com, +905525952231, ŞERİF ELASHRY, asdasd, SirinBaoura@gmail.com, +905525952231, YES, YES, 123123213, sadasdasda, BAHRAIN, 4, 2024-06-29, 2024-06-22, A2, A1, International Relations and Intercultural Competence., sadasdasd sadasd sadsad sadasd sadasd , sadasdasd sadasd sadsad sadasd sadasd , ibanTR, 2024-06-29 10:33:30, 2024-06-29 10:33:30))
2024-06-29 10:36:53 - Processing form submission...
2024-06-29 10:36:53 - Creating upload directory...
2024-06-29 10:36:53 - Creating new student and attachment...
2024-06-29 10:36:53 - Creating new student...
2024-06-29 10:36:53 - ERROR: SQLSTATE[HY000]: General error: 1364 Field 'dateofbirth' doesn't have a default value (Connection: default, SQL: insert into `students` (`submissionId`, `first_name`, `last_name`, `gender`, `Citizenship`, `Country_of_Residence`, `Country_of_Visa`, `Residence_Permit`, `Turkish_Nationality`, `country`, `telephone`, `home_address`, `City`, `Postal_Code`, `fathers_full_name`, `Occupation_first`, `fathers_email`, `fathers_telephone`, `mothers_full_name`, `Occupation_second`, `mothers_email`, `mothers_telephone`, `passport_availablitiy`, `Reguee_availablitiy`, `Reguee_number`, `Bachelor_University`, `Bachelor_country`, `Bachelor_gpa`, `Start_Bachelor`, `End_Bachelor`, `Turkish_Proficiency`, `English_Proficiency`, `course`, `work_experience`, `brief_statement`, `iban`, `updated_at`, `created_at`) values (667fc7a524512, ŞERİF, ELASHRY, male, AFGHANISTAN, AFGHANISTAN, BAŞAKŞEHİR, YES, YES, BAHRAIN, +905525952231, KAYABAŞI MAH. KAYAŞEHİR BULVARI No: 55E/48, İSTANBUL, 34494, ŞERİF ELASHRY, asdasd, AhmedBaroura@gmail.com, +905525952231, ŞERİF ELASHRY, asdasd, SirinBaoura@gmail.com, +905525952231, YES, YES, 123123213, sadasdasda, BAHRAIN, 4, 2024-06-29, 2024-06-22, A2, A1, International Relations and Intercultural Competence., sadasdasd sadasd sadsad sadasd sadasd , sadasdasd sadasd sadsad sadasd sadasd , ibanTR, 2024-06-29 10:36:53, 2024-06-29 10:36:53))
2024-06-29 10:37:23 - Processing form submission...
2024-06-29 10:37:23 - Creating upload directory...
2024-06-29 10:37:23 - Creating new student and attachment...
2024-06-29 10:37:23 - Creating new student...
2024-06-29 10:37:23 - New student created successfully.
2024-06-29 10:37:23 - Creating new attachment...
2024-06-29 10:37:23 - New attachment created successfully.
2024-06-29 10:37:23 - Data insertion successful.
2024-06-29 10:40:24 - Processing form submission...
2024-06-29 10:40:24 - Creating upload directory...
2024-06-29 10:40:24 - Creating new student and attachment...
2024-06-29 10:40:24 - Creating new student...
2024-06-29 10:40:24 - New student created successfully.
2024-06-29 10:40:24 - Creating new attachment...
2024-06-29 10:40:24 - New attachment created successfully.
2024-06-29 10:40:24 - Data insertion successful.
2024-06-29 10:40:37 - Processing form submission...
2024-06-29 10:40:37 - Creating upload directory...
2024-06-29 10:40:37 - Creating new student and attachment...
2024-06-29 10:40:37 - Creating new student...
2024-06-29 10:40:37 - New student created successfully.
2024-06-29 10:40:37 - Creating new attachment...
2024-06-29 10:40:37 - New attachment created successfully.
2024-06-29 10:40:37 - Data insertion successful.
